# JRE version: OpenJDK Runtime Environment (8.0_422-b05) (build 1.8.0_422-b05)
# Java VM: OpenJDK 64-Bit Server VM (25.422-b05 mixed mode linux-amd64 compressed oops)
Heap:
 PSYoungGen      total 557568K, used 122101K [0x000000076d580000, 0x0000000792880000, 0x00000007c0000000)
  eden space 512000K, 17% used [0x000000076d580000,0x0000000772f7f170,0x000000078c980000)
  from space 45568K, 65% used [0x000000078fc00000,0x000000079193e618,0x0000000792880000)
  to   space 48640K, 0% used [0x000000078c980000,0x000000078c980000,0x000000078f900000)
 ParOldGen       total 169472K, used 102611K [0x00000006c8000000, 0x00000006d2580000, 0x000000076d580000)
  object space 169472K, 60% used [0x00000006c8000000,0x00000006ce434d28,0x00000006d2580000)
 Metaspace       used 6039K, capacity 6174K, committed 6400K, reserved 1056768K
  class space    used 608K, capacity 658K, committed 768K, reserved 1048576K
GC Heap History (10 events):
Event: 0,662 GC heap before
{Heap before GC invocations=2 (full 0):
 PSYoungGen      total 74240K, used 74218K [0x000000076d580000, 0x0000000776680000, 0x00000007c0000000)
  eden space 64000K, 100% used [0x000000076d580000,0x0000000771400000,0x0000000771400000)
  from space 10240K, 99% used [0x0000000771400000,0x0000000771dfaaf8,0x0000000771e00000)
  to   space 10240K, 0% used [0x0000000775c80000,0x0000000775c80000,0x0000000776680000)
 ParOldGen       total 169472K, used 1745K [0x00000006c8000000, 0x00000006d2580000, 0x000000076d580000)
  object space 169472K, 1% used [0x00000006c8000000,0x00000006c81b4488,0x00000006d2580000)
 Metaspace       used 5892K, capacity 6046K, committed 6400K, reserved 1056768K
  class space    used 608K, capacity 658K, committed 768K, reserved 1048576K
Event: 0,683 GC heap after
Heap after GC invocations=2 (full 0):
 PSYoungGen      total 138240K, used 10211K [0x000000076d580000, 0x0000000776680000, 0x00000007c0000000)
  eden space 128000K, 0% used [0x000000076d580000,0x000000076d580000,0x0000000775280000)
  from space 10240K, 99% used [0x0000000775c80000,0x0000000776678eb8,0x0000000776680000)
  to   space 10240K, 0% used [0x0000000775280000,0x0000000775280000,0x0000000775c80000)
 ParOldGen       total 169472K, used 21875K [0x00000006c8000000, 0x00000006d2580000, 0x000000076d580000)
  object space 169472K, 12% used [0x00000006c8000000,0x00000006c955cc50,0x00000006d2580000)
 Metaspace       used 5892K, capacity 6046K, committed 6400K, reserved 1056768K
  class space    used 608K, capacity 658K, committed 768K, reserved 1048576K
}
Event: 1,086 GC heap before
{Heap before GC invocations=3 (full 0):
 PSYoungGen      total 138240K, used 138211K [0x000000076d580000, 0x0000000776680000, 0x00000007c0000000)
  eden space 128000K, 100% used [0x000000076d580000,0x0000000775280000,0x0000000775280000)
  from space 10240K, 99% used [0x0000000775c80000,0x0000000776678eb8,0x0000000776680000)
  to   space 10240K, 0% used [0x0000000775280000,0x0000000775280000,0x0000000775c80000)
 ParOldGen       total 169472K, used 21875K [0x00000006c8000000, 0x00000006d2580000, 0x000000076d580000)
  object space 169472K, 12% used [0x00000006c8000000,0x00000006c955cc50,0x00000006d2580000)
 Metaspace       used 5954K, capacity 6110K, committed 6400K, reserved 1056768K
  class space    used 608K, capacity 658K, committed 768K, reserved 1048576K
Event: 1,114 GC heap after
Heap after GC invocations=3 (full 0):
 PSYoungGen      total 138240K, used 10224K [0x000000076d580000, 0x000000077e380000, 0x00000007c0000000)
  eden space 128000K, 0% used [0x000000076d580000,0x000000076d580000,0x0000000775280000)
  from space 10240K, 99% used [0x0000000775280000,0x0000000775c7c010,0x0000000775c80000)
  to   space 10240K, 0% used [0x000000077d980000,0x000000077d980000,0x000000077e380000)
 ParOldGen       total 169472K, used 50676K [0x00000006c8000000, 0x00000006d2580000, 0x000000076d580000)
  object space 169472K, 29% used [0x00000006c8000000,0x00000006cb17d398,0x00000006d2580000)
 Metaspace       used 5954K, capacity 6110K, committed 6400K, reserved 1056768K
  class space    used 608K, capacity 658K, committed 768K, reserved 1048576K
}
Event: 1,491 GC heap before
{Heap before GC invocations=4 (full 0):
 PSYoungGen      total 138240K, used 138224K [0x000000076d580000, 0x000000077e380000, 0x00000007c0000000)
  eden space 128000K, 100% used [0x000000076d580000,0x0000000775280000,0x0000000775280000)
  from space 10240K, 99% used [0x0000000775280000,0x0000000775c7c010,0x0000000775c80000)
  to   space 10240K, 0% used [0x000000077d980000,0x000000077d980000,0x000000077e380000)
 ParOldGen       total 169472K, used 50676K [0x00000006c8000000, 0x00000006d2580000, 0x000000076d580000)
  object space 169472K, 29% used [0x00000006c8000000,0x00000006cb17d398,0x00000006d2580000)
 Metaspace       used 5985K, capacity 6110K, committed 6400K, reserved 1056768K
  class space    used 608K, capacity 658K, committed 768K, reserved 1048576K
Event: 1,531 GC heap after
Heap after GC invocations=4 (full 0):
 PSYoungGen      total 266240K, used 10208K [0x000000076d580000, 0x000000077e380000, 0x00000007c0000000)
  eden space 256000K, 0% used [0x000000076d580000,0x000000076d580000,0x000000077cf80000)
  from space 10240K, 99% used [0x000000077d980000,0x000000077e378020,0x000000077e380000)
  to   space 10240K, 0% used [0x000000077cf80000,0x000000077cf80000,0x000000077d980000)
 ParOldGen       total 169472K, used 72049K [0x00000006c8000000, 0x00000006d2580000, 0x000000076d580000)
  object space 169472K, 42% used [0x00000006c8000000,0x00000006cc65c7f8,0x00000006d2580000)
 Metaspace       used 5985K, capacity 6110K, committed 6400K, reserved 1056768K
  class space    used 608K, capacity 658K, committed 768K, reserved 1048576K
}
Event: 2,432 GC heap before
{Heap before GC invocations=5 (full 0):
 PSYoungGen      total 266240K, used 266208K [0x000000076d580000, 0x000000077e380000, 0x00000007c0000000)
  eden space 256000K, 100% used [0x000000076d580000,0x000000077cf80000,0x000000077cf80000)
  from space 10240K, 99% used [0x000000077d980000,0x000000077e378020,0x000000077e380000)
  to   space 10240K, 0% used [0x000000077cf80000,0x000000077cf80000,0x000000077d980000)
 ParOldGen       total 169472K, used 72049K [0x00000006c8000000, 0x00000006d2580000, 0x000000076d580000)
  object space 169472K, 42% used [0x00000006c8000000,0x00000006cc65c7f8,0x00000006d2580000)
 Metaspace       used 6032K, capacity 6174K, committed 6400K, reserved 1056768K
  class space    used 608K, capacity 658K, committed 768K, reserved 1048576K
Event: 2,474 GC heap after
Heap after GC invocations=5 (full 0):
 PSYoungGen      total 266240K, used 10224K [0x000000076d580000, 0x0000000792e80000, 0x00000007c0000000)
  eden space 256000K, 0% used [0x000000076d580000,0x000000076d580000,0x000000077cf80000)
  from space 10240K, 99% used [0x000000077cf80000,0x000000077d97c010,0x000000077d980000)
  to   space 51712K, 0% used [0x000000078fc00000,0x000000078fc00000,0x0000000792e80000)
 ParOldGen       total 169472K, used 102611K [0x00000006c8000000, 0x00000006d2580000, 0x000000076d580000)
  object space 169472K, 60% used [0x00000006c8000000,0x00000006ce434d28,0x00000006d2580000)
 Metaspace       used 6032K, capacity 6174K, committed 6400K, reserved 1056768K
  class space    used 608K, capacity 658K, committed 768K, reserved 1048576K
}
Event: 3,466 GC heap before
{Heap before GC invocations=6 (full 0):
 PSYoungGen      total 266240K, used 266224K [0x000000076d580000, 0x0000000792e80000, 0x00000007c0000000)
  eden space 256000K, 100% used [0x000000076d580000,0x000000077cf80000,0x000000077cf80000)
  from space 10240K, 99% used [0x000000077cf80000,0x000000077d97c010,0x000000077d980000)
  to   space 51712K, 0% used [0x000000078fc00000,0x000000078fc00000,0x0000000792e80000)
 ParOldGen       total 169472K, used 102611K [0x00000006c8000000, 0x00000006d2580000, 0x000000076d580000)
  object space 169472K, 60% used [0x00000006c8000000,0x00000006ce434d28,0x00000006d2580000)
 Metaspace       used 6035K, capacity 6174K, committed 6400K, reserved 1056768K
  class space    used 608K, capacity 658K, committed 768K, reserved 1048576K
Event: 3,490 GC heap after
Heap after GC invocations=6 (full 0):
 PSYoungGen      total 557568K, used 29945K [0x000000076d580000, 0x0000000792880000, 0x00000007c0000000)
  eden space 512000K, 0% used [0x000000076d580000,0x000000076d580000,0x000000078c980000)
  from space 45568K, 65% used [0x000000078fc00000,0x000000079193e618,0x0000000792880000)
  to   space 48640K, 0% used [0x000000078c980000,0x000000078c980000,0x000000078f900000)
 ParOldGen       total 169472K, used 102611K [0x00000006c8000000, 0x00000006d2580000, 0x000000076d580000)
  object space 169472K, 60% used [0x00000006c8000000,0x00000006ce434d28,0x00000006d2580000)
 Metaspace       used 6035K, capacity 6174K, committed 6400K, reserved 1056768K
  class space    used 608K, capacity 658K, committed 768K, reserved 1048576K
}

